<?xml version="1.0" encoding="UTF-8"?>
<testsuite name="com.programmers.devcourse4.wisesaying.AppTest" tests="1" skipped="0" failures="0" errors="0" timestamp="2024-12-23T01:09:05" hostname="HJui-noteubug.local" time="0.006">
  <properties/>
  <testcase name="run()" classname="com.programmers.devcourse4.wisesaying.AppTest" time="0.006"/>
  <system-out><![CDATA[]]></system-out>
  <system-err><![CDATA[]]></system-err>
</testsuite>
