<?xml version="1.0" encoding="UTF-8"?>
<testsuite name="com.ll.wiseSaying.WiseSayingServiceTest" tests="7" skipped="0" failures="0" errors="0" timestamp="2024-12-23T03:46:41" hostname="Socras-MacBook-Pro.local" time="0.578">
  <properties/>
  <testcase name="페이지 번호로 명언을 조회할 수 있다" classname="com.ll.wiseSaying.WiseSayingServiceTest" time="0.382"/>
  <testcase name="명언의 내용으로 명언을 검색할 수 있다" classname="com.ll.wiseSaying.WiseSayingServiceTest" time="0.002"/>
  <testcase name="명언을 ID로 삭제할 수 있다" classname="com.ll.wiseSaying.WiseSayingServiceTest" time="0.066"/>
  <testcase name="명언을 ID로 검색할 수 있다" classname="com.ll.wiseSaying.WiseSayingServiceTest" time="0.065"/>
  <testcase name="작가명으로 명언을 검색할 수 있다" classname="com.ll.wiseSaying.WiseSayingServiceTest" time="0.003"/>
  <testcase name="명언을 ID로 수정할 수 있다" classname="com.ll.wiseSaying.WiseSayingServiceTest" time="0.055"/>
  <testcase name="명언을 등록할 수 있다" classname="com.ll.wiseSaying.WiseSayingServiceTest" time="0.001"/>
  <system-out><![CDATA[]]></system-out>
  <system-err><![CDATA[]]></system-err>
</testsuite>
